
> hackathon@0.0.0 preview
> vite preview

  ➜  Local:   http://localhost:4173/
  ➜  Network: use --host to expose

> hackathon@0.0.0 preview
> vite preview

  ➜  Local:   http://localhost:4173/
  ➜  Network: use --host to expose

> hackathon@0.0.0 preview
> vite preview

  ➜  Local:   http://localhost:4173/
  ➜  Network: use --host to expose

> hackathon@0.0.0 preview
> vite preview

  ➜  Local:   http://localhost:4173/sherlocked
  ➜  Network: use --host to expose

> hackathon@0.0.0 preview
> vite preview

Port 4173 is in use, trying another one...
  ➜  Local:   http://localhost:4174/sherlocked/
  ➜  Network: use --host to expose

> hackathon@0.0.0 preview
> vite preview

  ➜  Local:   http://localhost:4173/sherlocked/
  ➜  Network: use --host to expose

> hackathon@0.0.0 preview
> vite preview

  ➜  Local:   http://localhost:4173/sherlocked/
  ➜  Network: use --host to expose

> hackathon@0.0.0 preview
> vite preview

  ➜  Local:   http://localhost:4173/sherlocked/
  ➜  Network: use --host to expose

> hackathon@0.0.0 preview
> vite preview

  ➜  Local:   http://localhost:4173/sherlocked/
  ➜  Network: use --host to expose
